0 info it worked if it ends with ok
1 verbose cli [ '/usr/local/opt/nvm/versions/node/v5.1.1/bin/node',
1 verbose cli   '/usr/local/opt/nvm/versions/node/v5.1.1/bin/npm',
1 verbose cli   'run',
1 verbose cli   'dev' ]
2 info using npm@3.3.12
3 info using node@v5.1.1
4 verbose run-script [ 'predev', 'dev', 'postdev' ]
5 info lifecycle @~predev: @
6 silly lifecycle @~predev: no script for predev, continuing
7 info lifecycle @~dev: @
8 verbose lifecycle @~dev: unsafe-perm in lifecycle true
9 verbose lifecycle @~dev: PATH: /usr/local/opt/nvm/versions/node/v5.1.1/lib/node_modules/npm/bin/node-gyp-bin:/Users/benjaminwilcox/Projects/test/TestHomestead/Projects/Laravel/node_modules/.bin:/usr/local/opt/nvm/versions/node/v5.1.1/bin:/Users/benjaminwilcox/.rvm/gems/ruby-2.2.1/bin:/Users/benjaminwilcox/.rvm/gems/ruby-2.2.1@global/bin:/Users/benjaminwilcox/.rvm/rubies/ruby-2.2.1/bin:/Users/benjaminwilcox/bin:/usr/local/bin:/usr/local/bin:/usr/bin:/bin:/usr/sbin:/sbin:/Users/benjaminwilcox/.rvm/bin
10 verbose lifecycle @~dev: CWD: /Users/benjaminwilcox/Projects/test/TestHomestead/Projects/Laravel
11 silly lifecycle @~dev: Args: [ '-c', 'gulp watch' ]
12 silly lifecycle @~dev: Returned: code: 7  signal: null
13 info lifecycle @~dev: Failed to exec dev script
14 verbose stack Error: @ dev: `gulp watch`
14 verbose stack Exit status 7
14 verbose stack     at EventEmitter.<anonymous> (/usr/local/opt/nvm/versions/node/v5.1.1/lib/node_modules/npm/lib/utils/lifecycle.js:232:16)
14 verbose stack     at emitTwo (events.js:87:13)
14 verbose stack     at EventEmitter.emit (events.js:172:7)
14 verbose stack     at ChildProcess.<anonymous> (/usr/local/opt/nvm/versions/node/v5.1.1/lib/node_modules/npm/lib/utils/spawn.js:24:14)
14 verbose stack     at emitTwo (events.js:87:13)
14 verbose stack     at ChildProcess.emit (events.js:172:7)
14 verbose stack     at maybeClose (internal/child_process.js:818:16)
14 verbose stack     at Process.ChildProcess._handle.onexit (internal/child_process.js:211:5)
15 verbose pkgid @
16 verbose cwd /Users/benjaminwilcox/Projects/test/TestHomestead/Projects/Laravel
17 error Darwin 15.5.0
18 error argv "/usr/local/opt/nvm/versions/node/v5.1.1/bin/node" "/usr/local/opt/nvm/versions/node/v5.1.1/bin/npm" "run" "dev"
19 error node v5.1.1
20 error npm  v3.3.12
21 error code ELIFECYCLE
22 error @ dev: `gulp watch`
22 error Exit status 7
23 error Failed at the @ dev script 'gulp watch'.
23 error Make sure you have the latest version of node.js and npm installed.
23 error If you do, this is most likely a problem with the  package,
23 error not with npm itself.
23 error Tell the author that this fails on your system:
23 error     gulp watch
23 error You can get their info via:
23 error     npm owner ls
23 error There is likely additional logging output above.
24 verbose exit [ 1, true ]
